<?xml version="1.0" encoding="UTF-8"?>
<testsuite name="BasicTest" tests="1" skipped="0" failures="0" errors="0" timestamp="2019-05-07T06:49:31" hostname="QMAC0313.local" time="25.416">
  <properties/>
  <testcase name="test" classname="BasicTest" time="25.416"/>
  <system-out><![CDATA[Mac OS X
https://www.flipkart.com/mobiles/pr?sid=tyy%2C4io&p%5B%5D=facets.brand%255B%255D%3DRealme&otracker=nmenu_sub_Electronics_0_Realme
]]></system-out>
  <system-err><![CDATA[May 07, 2019 12:19:25 PM org.openqa.selenium.remote.DesiredCapabilities chrome
INFO: Using `new ChromeOptions()` is preferred to `DesiredCapabilities.chrome()`
May 07, 2019 12:19:31 PM org.openqa.selenium.remote.ProtocolHandshake createSession
INFO: Detected dialect: OSS
]]></system-err>
</testsuite>
